<?xml version="1.0" encoding="UTF-8"?>
<coverage generated="1691135243002" clover="3.2.0">
  <project timestamp="1691135243003" name="All files">
    <metrics statements="11" coveredstatements="11" conditionals="2" coveredconditionals="2" methods="5" coveredmethods="5" elements="18" coveredelements="18" complexity="0" loc="11" ncloc="11" packages="1" files="2" classes="2"/>
    <file name="team.js" path="D:\task11\src\team.js">
      <metrics statements="8" coveredstatements="8" conditionals="2" coveredconditionals="2" methods="3" coveredmethods="3"/>
      <line num="3" count="2" type="stmt"/>
      <line num="20" count="2" type="stmt"/>
      <line num="21" count="2" type="stmt"/>
      <line num="22" count="2" type="stmt"/>
      <line num="24" count="4" type="stmt"/>
      <line num="25" count="4" type="cond" truecount="2" falsecount="0"/>
      <line num="26" count="1" type="stmt"/>
      <line num="31" count="3" type="stmt"/>
    </file>
    <file name="teamSecond.js" path="D:\task11\src\teamSecond.js">
      <metrics statements="3" coveredstatements="3" conditionals="0" coveredconditionals="0" methods="2" coveredmethods="2"/>
      <line num="3" count="1" type="stmt"/>
      <line num="20" count="1" type="stmt"/>
      <line num="21" count="1" type="stmt"/>
    </file>
  </project>
</coverage>
