{"D:\\task11\\src\\team.js": {"path":"D:\\task11\\src\\team.js","statementMap":{"0":{"start":{"line":3,"column":4},"end":{"line":16,"column":6}},"1":{"start":{"line":20,"column":16},"end":{"line":20,"column":18}},"2":{"start":{"line":21,"column":20},"end":{"line":21,"column":37}},"3":{"start":{"line":22,"column":4},"end":{"line":36,"column":6}},"4":{"start":{"line":24,"column":8},"end":{"line":24,"column":19}},"5":{"start":{"line":25,"column":8},"end":{"line":30,"column":9}},"6":{"start":{"line":26,"column":10},"end":{"line":29,"column":12}},"7":{"start":{"line":31,"column":8},"end":{"line":34,"column":10}}},"fnMap":{"0":{"name":"(anonymous_0)","decl":{"start":{"line":2,"column":2},"end":{"line":2,"column":3}},"loc":{"start":{"line":2,"column":16},"end":{"line":17,"column":3}},"line":2},"1":{"name":"(anonymous_1)","decl":{"start":{"line":19,"column":2},"end":{"line":19,"column":3}},"loc":{"start":{"line":19,"column":22},"end":{"line":37,"column":3}},"line":19},"2":{"name":"(anonymous_2)","decl":{"start":{"line":23,"column":6},"end":{"line":23,"column":7}},"loc":{"start":{"line":23,"column":13},"end":{"line":35,"column":7}},"line":23}},"branchMap":{"0":{"loc":{"start":{"line":25,"column":8},"end":{"line":30,"column":9}},"type":"if","locations":[{"start":{"line":25,"column":8},"end":{"line":30,"column":9}},{"start":{},"end":{}}],"line":25}},"s":{"0":2,"1":2,"2":2,"3":2,"4":4,"5":4,"6":1,"7":3},"f":{"0":2,"1":2,"2":4},"b":{"0":[1,3]},"_coverageSchema":"1a1c01bbd47fc00a2c39e90264f33305004495a9","hash":"047d06fee07b155ff2a380c1a6cff3a28ba752f7"}
,"D:\\task11\\src\\teamSecond.js": {"path":"D:\\task11\\src\\teamSecond.js","statementMap":{"0":{"start":{"line":3,"column":4},"end":{"line":16,"column":6}},"1":{"start":{"line":20,"column":4},"end":{"line":22,"column":5}},"2":{"start":{"line":21,"column":6},"end":{"line":21,"column":18}}},"fnMap":{"0":{"name":"(anonymous_0)","decl":{"start":{"line":2,"column":2},"end":{"line":2,"column":3}},"loc":{"start":{"line":2,"column":16},"end":{"line":17,"column":3}},"line":2},"1":{"name":"(anonymous_1)","decl":{"start":{"line":19,"column":2},"end":{"line":19,"column":3}},"loc":{"start":{"line":19,"column":24},"end":{"line":23,"column":3}},"line":19}},"branchMap":{},"s":{"0":1,"1":1,"2":1},"f":{"0":1,"1":1},"b":{},"_coverageSchema":"1a1c01bbd47fc00a2c39e90264f33305004495a9","hash":"e2a9db5234e4e923b257309adc353018164a4130"}
}
